<?xml version="1.0" encoding="UTF-8"?>
<!-- Generated by org.testng.reporters.JUnitReportReporter -->
<testsuite hostname="DESKTOP-A4HG3Q2" failures="0" tests="2" name="runner.TestRunner$Runner" time="0.169" errors="2" timestamp="2023-09-15T22:56:46 IST" skipped="0">
  <testcase classname="runner.TestRunner$Runner" name="runScenario" time="0.019">
    <error message="Cannot invoke &quot;org.openqa.selenium.WebDriver.findElement(org.openqa.selenium.By)&quot; because &quot;stepDefinition.AddToCart.driver&quot; is null" type="java.lang.NullPointerException">
      <![CDATA[java.lang.NullPointerException: Cannot invoke "org.openqa.selenium.WebDriver.findElement(org.openqa.selenium.By)" because "stepDefinition.AddToCart.driver" is null
at stepDefinition.AddToCart.usersEnterTheAnd(AddToCart.java:19)
at ✽.Users enter the "batman" and "Batman@1"(file:///C:/Users/Lenovo/eclipse-workspace/Alpha/src/test/resources/Feature/AddToCart.feature:6)
]]>
    </error>
  </testcase> <!-- runScenario -->
  <testcase classname="runner.TestRunner$Runner" name="runScenario" time="0.150">
    <error message="Cannot invoke &quot;org.openqa.selenium.WebDriver.findElement(org.openqa.selenium.By)&quot; because &quot;stepDefinition.AddToCart.driver&quot; is null" type="java.lang.NullPointerException">
      <![CDATA[java.lang.NullPointerException: Cannot invoke "org.openqa.selenium.WebDriver.findElement(org.openqa.selenium.By)" because "stepDefinition.AddToCart.driver" is null
at stepDefinition.AddToCart.usersEnterTheAnd(AddToCart.java:19)
at ✽.Users enter the "jhonwick" and "Jhonwick@19"(file:///C:/Users/Lenovo/eclipse-workspace/Alpha/src/test/resources/Feature/AddToCart.feature:6)
]]>
    </error>
  </testcase> <!-- runScenario -->
</testsuite> <!-- runner.TestRunner$Runner -->
