<?xml version="1.0" encoding="UTF-8"?>
<!-- Generated by org.testng.reporters.JUnitXMLReporter -->
<testsuite ignored="0" hostname="DESKTOP-A4HG3Q2" failures="2" tests="2" name="Default test" time="1.269" errors="0" timestamp="2023-09-15T22:56:46 IST">
  <testcase classname="io.cucumber.testng.AbstractTestNGCucumberTests" name="runScenario" time="0.15">
    <failure type="java.lang.NullPointerException" message="Cannot invoke &amp;quot;org.openqa.selenium.WebDriver.findElement(org.openqa.selenium.By)&amp;quot; because &amp;quot;stepDefinition.AddToCart.driver&amp;quot; is null">
      <![CDATA[java.lang.NullPointerException: Cannot invoke "org.openqa.selenium.WebDriver.findElement(org.openqa.selenium.By)" because "stepDefinition.AddToCart.driver" is null
at stepDefinition.AddToCart.usersEnterTheAnd(AddToCart.java:19)
at ✽.Users enter the "jhonwick" and "Jhonwick@19"(file:///C:/Users/Lenovo/eclipse-workspace/Alpha/src/test/resources/Feature/AddToCart.feature:6)
]]>
    </failure>
  </testcase> <!-- runScenario -->
  <testcase classname="io.cucumber.testng.AbstractTestNGCucumberTests" name="runScenario" time="0.019">
    <failure type="java.lang.NullPointerException" message="Cannot invoke &amp;quot;org.openqa.selenium.WebDriver.findElement(org.openqa.selenium.By)&amp;quot; because &amp;quot;stepDefinition.AddToCart.driver&amp;quot; is null">
      <![CDATA[java.lang.NullPointerException: Cannot invoke "org.openqa.selenium.WebDriver.findElement(org.openqa.selenium.By)" because "stepDefinition.AddToCart.driver" is null
at stepDefinition.AddToCart.usersEnterTheAnd(AddToCart.java:19)
at ✽.Users enter the "batman" and "Batman@1"(file:///C:/Users/Lenovo/eclipse-workspace/Alpha/src/test/resources/Feature/AddToCart.feature:6)
]]>
    </failure>
  </testcase> <!-- runScenario -->
</testsuite> <!-- Default test -->
